<?xml version="1.0" encoding="utf-8"?><testsuites name="pytest tests"><testsuite name="pytest" errors="0" failures="0" skipped="0" tests="23" time="59.376" timestamp="2026-06-25T14:14:59.184208+00:00" hostname="agent-env-850ce2e5-e8f7-4817-b487-67dc1f9b66a7"><testcase classname="tests.backend_test.TestAuth" name="test_health" time="0.126" /><testcase classname="tests.backend_test.TestRoleEnforcement" name="test_viewer_cannot_create_meeting" time="0.612" /><testcase classname="tests.backend_test.TestRoleEnforcement" name="test_anon_cannot_create_meeting" time="0.102" /><testcase classname="tests.backend_test.TestAuth" name="test_admin_login_sets_cookies" time="0.487" /><testcase classname="tests.backend_test.TestAuth" name="test_me_admin" time="0.051" /><testcase classname="tests.backend_test.TestAuth" name="test_me_viewer" time="0.578" /><testcase classname="tests.backend_test.TestRoleEnforcement" name="test_viewer_cannot_delete" time="0.624" /><testcase classname="tests.backend_test.TestAuth" name="test_me_unauth" time="0.112" /><testcase classname="tests.backend_test.TestRoleEnforcement" name="test_viewer_cannot_list_users" time="0.096" /><testcase classname="tests.backend_test.TestAuth" name="test_login_invalid" time="0.376" /><testcase classname="tests.backend_test.TestRoleEnforcement" name="test_viewer_cannot_extract" time="0.253" /><testcase classname="tests.backend_test.TestRoleEnforcement" name="test_anon_cannot_extract" time="0.092" /><testcase classname="tests.backend_test.TestAuth" name="test_logout_clears" time="0.630" /><testcase classname="tests.backend_test.TestUsers" name="test_list_users" time="0.048" /><testcase classname="tests.backend_test.TestUsers" name="test_create_and_delete_viewer" time="0.525" /><testcase classname="tests.backend_test.TestUsers" name="test_admin_cannot_delete_self" time="0.140" /><testcase classname="tests.backend_test.TestMeetings" name="test_list_meetings_seeded" time="0.158" /><testcase classname="tests.backend_test.TestAdminCRUD" name="test_create_update_delete_meeting_full_schema" time="0.343" /><testcase classname="tests.backend_test.TestMeetings" name="test_latest_meeting_summary" time="0.056" /><testcase classname="tests.backend_test.TestMeetings" name="test_get_meeting_detail_new_schema" time="0.104" /><testcase classname="tests.backend_test.TestMeetings" name="test_get_meeting_not_found" time="0.053" /><testcase classname="tests.backend_test.TestAnalytics" name="test_trends" time="0.097" /><testcase classname="tests.backend_test.TestExtractAsync" name="test_extract_pdf_async_flow" time="55.852" /></testsuite></testsuites>